This is pdfTeX, Version 3.14159265-2.6-1.40.20 (TeX Live 2019/Arch Linux) (preloaded format=pdflatex)
 restricted \write18 enabled.
entering extended mode
(./eccv2018submission.tex
LaTeX2e <2019-10-01> patch level 1
(./llncs.cls
Document Class: llncs 2013/09/27 v2.18 
 LaTeX document class for Lecture Notes in Computer Science
(/usr/share/texmf-dist/tex/latex/base/article.cls
Document Class: article 2019/08/27 v1.4j Standard LaTeX document class
(/usr/share/texmf-dist/tex/latex/base/size10.clo))
(/usr/share/texmf-dist/tex/latex/tools/multicol.sty)
(/usr/share/texmf-dist/tex/latex/oberdiek/aliascnt.sty))
(/usr/share/texmf-dist/tex/latex/graphics/graphicx.sty
(/usr/share/texmf-dist/tex/latex/graphics/keyval.sty)
(/usr/share/texmf-dist/tex/latex/graphics/graphics.sty
(/usr/share/texmf-dist/tex/latex/graphics/trig.sty)
(/usr/share/texmf-dist/tex/latex/graphics-cfg/graphics.cfg)
(/usr/share/texmf-dist/tex/latex/graphics-def/pdftex.def)))
(/usr/share/texmf-dist/tex/latex/amsmath/amsmath.sty
For additional information on amsmath, use the `?' option.
(/usr/share/texmf-dist/tex/latex/amsmath/amstext.sty
(/usr/share/texmf-dist/tex/latex/amsmath/amsgen.sty))
(/usr/share/texmf-dist/tex/latex/amsmath/amsbsy.sty)
(/usr/share/texmf-dist/tex/latex/amsmath/amsopn.sty))
(/usr/share/texmf-dist/tex/latex/amsfonts/amssymb.sty
(/usr/share/texmf-dist/tex/latex/amsfonts/amsfonts.sty))
(/usr/share/texmf-dist/tex/latex/hyperref/hyperref.sty
(/usr/share/texmf-dist/tex/generic/oberdiek/hobsub-hyperref.sty
(/usr/share/texmf-dist/tex/generic/oberdiek/hobsub-generic.sty))
(/usr/share/texmf-dist/tex/generic/ifxetex/ifxetex.sty)
(/usr/share/texmf-dist/tex/latex/oberdiek/auxhook.sty)
(/usr/share/texmf-dist/tex/latex/oberdiek/kvoptions.sty)
(/usr/share/texmf-dist/tex/latex/hyperref/pd1enc.def)
(/usr/share/texmf-dist/tex/latex/latexconfig/hyperref.cfg)
(/usr/share/texmf-dist/tex/latex/url/url.sty))
(/usr/share/texmf-dist/tex/latex/hyperref/hpdftex.def
(/usr/share/texmf-dist/tex/latex/oberdiek/rerunfilecheck.sty)) (./ruler.sty
(./eso-pic.sty (./cvpr_eso.sty

LaTeX Warning: You have requested package `eso-pic',
               but the package provides `cvpr_eso'.

))) (/usr/share/texmf-dist/tex/latex/graphics/color.sty
(/usr/share/texmf-dist/tex/latex/graphics-cfg/color.cfg))
(/usr/share/texmf-dist/tex/latex/geometry/geometry.sty)
(./eccv2018submission.aux)
(/usr/share/texmf-dist/tex/context/base/mkii/supp-pdf.mkii
[Loading MPS to PDF converter (version 2006.09.02).]
) (/usr/share/texmf-dist/tex/latex/oberdiek/epstopdf-base.sty
(/usr/share/texmf-dist/tex/latex/oberdiek/grfext.sty)
(/usr/share/texmf-dist/tex/latex/latexconfig/epstopdf-sys.cfg))
(/usr/share/texmf-dist/tex/latex/hyperref/nameref.sty
(/usr/share/texmf-dist/tex/generic/oberdiek/gettitlestring.sty))
(./eccv2018submission.out) (./eccv2018submission.out)
ABD: EveryShipout initializing macros
*geometry* driver: auto-detecting
*geometry* detected driver: pdftex
(/usr/share/texmf-dist/tex/latex/amsfonts/umsa.fd)
(/usr/share/texmf-dist/tex/latex/amsfonts/umsb.fd)
Overfull \hbox (1.66728pt too wide) in paragraph at lines 51--52
\OT1/cmr/bx/n/9 Keywords:\OT1/cmr/m/n/9 bayesian com-puter vi-sion frac-ture tr
ack-ing mod-el-ing physics 
[1{/var/lib/texmf/fonts/map/pdftex/updmap/pdftex.map}]
Underfull \vbox (badness 10000) has occurred while \output is active [2]
[3] [4] [5 <./figs/bayes-net.png>]
Overfull \hbox (8.12386pt too wide) detected at line 340
\OML/cmm/m/it/10 p\OT1/cmr/m/n/10 (\OML/cmm/m/it/10 obs[]\OMS/cmsy/m/n/10 j\OML
/cmm/m/it/10 c; g[]; s[]\OT1/cmr/m/n/10 )\OML/cmm/m/it/10 p\OT1/cmr/m/n/10 (\OM
L/cmm/m/it/10 obs[]\OMS/cmsy/m/n/10 j\OML/cmm/m/it/10 c; g[]; s[]\OT1/cmr/m/n/1
0 )\OML/cmm/m/it/10 p\OT1/cmr/m/n/10 (\OML/cmm/m/it/10 obs[]\OMS/cmsy/m/n/10 j\
OML/cmm/m/it/10 c; g[]; s[]\OT1/cmr/m/n/10 )\OML/cmm/m/it/10 ^^E[]^^E[]p\OT1/cm
r/m/n/10 (\OML/cmm/m/it/10 obs[]\OMS/cmsy/m/n/10 j\OML/cmm/m/it/10 c; g[]; s[]\
OT1/cmr/m/n/10 )
[6]
Overfull \hbox (2.89398pt too wide) detected at line 348
[]
[7]

LaTeX Warning: Reference `fig:random-walk-metropolis-representative-dataset' on
 page 8 undefined on input line 440.

[8]

LaTeX Warning: Reference `hidden_rvs_over_time' on page 9 undefined on input li
ne 485.

[9 <./figs/random-walk-metropolis-dataset-2.png>]

LaTeX Warning: Reference `grad-desc-iterations' on page 10 undefined on input l
ine 569.

[10 <./figs/random-walk-metropolis-jump-quick.png>] [11] [12] [13 <./figs/rando
m-walk-metropolis-jump-slow.png

pdfTeX warning: pdflatex (file ./figs/random-walk-metropolis-jump-slow.png): la
rge interlaced PNG might cause out of memory (use non-interlaced PNG to fix thi
s)
>] [14 <./figs/hidden_rvs_over_time.png> <./figs/velocity-resampling.png>]
[15 <./figs/ang-vel-constraint.png> <./figs/simulated-annealing.png>] [16 <./fi
gs/grad-desc-log-prob.png> <./figs/grad-desc-iterations.png>] [17] [18]
[19] [20] [21] [22] [23] (./eccv2018submission.bbl) [24]
(./eccv2018submission.aux)

LaTeX Warning: There were undefined references.


LaTeX Warning: Label(s) may have changed. Rerun to get cross-references right.

 )
(see the transcript file for additional information)pdfTeX warning (dest): name
{equation.1.3.4} has been referenced but does not exist, replaced by a fixed on
e

</usr/share/texmf-dist/fonts/type1/public/amsfonts/cm/cmbx10.pfb></usr/share/te
xmf-dist/fonts/type1/public/amsfonts/cm/cmbx12.pfb></usr/share/texmf-dist/fonts
/type1/public/amsfonts/cm/cmbx9.pfb></usr/share/texmf-dist/fonts/type1/public/a
msfonts/cm/cmmi10.pfb></usr/share/texmf-dist/fonts/type1/public/amsfonts/cm/cmm
i5.pfb></usr/share/texmf-dist/fonts/type1/public/amsfonts/cm/cmmi7.pfb></usr/sh
are/texmf-dist/fonts/type1/public/amsfonts/cm/cmmi9.pfb></usr/share/texmf-dist/
fonts/type1/public/amsfonts/cm/cmr10.pfb></usr/share/texmf-dist/fonts/type1/pub
lic/amsfonts/cm/cmr5.pfb></usr/share/texmf-dist/fonts/type1/public/amsfonts/cm/
cmr7.pfb></usr/share/texmf-dist/fonts/type1/public/amsfonts/cm/cmr9.pfb></usr/s
hare/texmf-dist/fonts/type1/public/amsfonts/cm/cmss10.pfb></usr/share/texmf-dis
t/fonts/type1/public/amsfonts/cm/cmss8.pfb></usr/share/texmf-dist/fonts/type1/p
ublic/amsfonts/cm/cmss9.pfb></usr/share/texmf-dist/fonts/type1/public/amsfonts/
cm/cmsy10.pfb></usr/share/texmf-dist/fonts/type1/public/amsfonts/cm/cmsy7.pfb>
Output written on eccv2018submission.pdf (24 pages, 1483521 bytes).
Transcript written on eccv2018submission.log.
